<?xml version="1.0" encoding="UTF-8" ?>
<testsuites errors="0"
            failures="1"
            tests="1">

  <testsuite name="tinyTestPickup"
    errors="0" failures="1" hostname="" id="" package="tinyTestPickup" skipped="0"
    tests="1" time="4.887" timestamp="Wed, 03 Jun 2015 02:39:51 GMT">
  
    <testcase name="Execute Return" time="4.887" assertions="2">  <failure message="Failed [equal]: (&quot;undefined&quot; == true)">Failed [equal]: (&quot;undefined&quot; == true): Expected &quot;true&quot; but got: &quot;undefined&quot;
    at Object.equal (/usr/local/lib/node_modules/starrynight/node_modules/nightwatch/lib/core/api.js:66:24)
    at Object.&lt;anonymous&gt; (/Users/abigailwatson/Code/MeteorCookbook/examples/active-record/tests/nightwatch/walkthroughs/tinyTestPickup.js:17:23)
    at HttpRequest.&lt;anonymous&gt; (/usr/local/lib/node_modules/starrynight/node_modules/nightwatch/lib/index.js:299:20)
    at HttpRequest.emit (events.js:98:17)
    at HttpRequest.&lt;anonymous&gt; (/usr/local/lib/node_modules/starrynight/node_modules/nightwatch/lib/index.js:346:15)
    at HttpRequest.emit (events.js:106:17)
    at IncomingMessage.&lt;anonymous&gt; (/usr/local/lib/node_modules/starrynight/node_modules/nightwatch/lib/http/request.js:150:16)
    at IncomingMessage.emit (events.js:117:20)
    at _stream_readable.js:943:16
    at process._tickCallback (node.js:419:13)</failure>

      <failure message="Failed [equal]: (&quot;undefined&quot; == 0)">Failed [equal]: (&quot;undefined&quot; == 0): Expected &quot;0&quot; but got: &quot;undefined&quot;
    at Object.equal (/usr/local/lib/node_modules/starrynight/node_modules/nightwatch/lib/core/api.js:66:24)
    at Object.&lt;anonymous&gt; (/Users/abigailwatson/Code/MeteorCookbook/examples/active-record/tests/nightwatch/walkthroughs/tinyTestPickup.js:18:23)
    at HttpRequest.&lt;anonymous&gt; (/usr/local/lib/node_modules/starrynight/node_modules/nightwatch/lib/index.js:299:20)
    at HttpRequest.emit (events.js:98:17)
    at HttpRequest.&lt;anonymous&gt; (/usr/local/lib/node_modules/starrynight/node_modules/nightwatch/lib/index.js:346:15)
    at HttpRequest.emit (events.js:106:17)
    at IncomingMessage.&lt;anonymous&gt; (/usr/local/lib/node_modules/starrynight/node_modules/nightwatch/lib/http/request.js:150:16)
    at IncomingMessage.emit (events.js:117:20)
    at _stream_readable.js:943:16
    at process._tickCallback (node.js:419:13)</failure>

    
    </testcase>
  
  
  </testsuite>
</testsuites>
